<?xml version="1.0" encoding="UTF-8"?>
<testng-results ignored="0" total="1" passed="1" failed="0" skipped="0">
  <reporter-output>
  </reporter-output>
  <suite started-at="2023-02-17T12:42:23 IST" name="Suite" finished-at="2023-02-17T12:42:35 IST" duration-ms="11981">
    <groups>
    </groups>
    <test started-at="2023-02-17T12:42:23 IST" name="Test" finished-at="2023-02-17T12:42:35 IST" duration-ms="11981">
      <class name="in.co.automationtesting.QA2Project.End2EndTest">
        <test-method is-config="true" signature="setup()[pri:0, instance:in.co.automationtesting.QA2Project.End2EndTest@14555e0a]" started-at="2023-02-17T12:42:23 IST" name="setup" finished-at="2023-02-17T12:42:25 IST" duration-ms="2135" status="PASS">
          <reporter-output>
          </reporter-output>
        </test-method> <!-- setup -->
        <test-method signature="enterPasswordPage()[pri:0, instance:in.co.automationtesting.QA2Project.End2EndTest@14555e0a]" started-at="2023-02-17T12:42:25 IST" name="enterPasswordPage" finished-at="2023-02-17T12:42:35 IST" duration-ms="9446" status="PASS">
          <reporter-output>
          </reporter-output>
        </test-method> <!-- enterPasswordPage -->
        <test-method is-config="true" signature="tearDown()[pri:0, instance:in.co.automationtesting.QA2Project.End2EndTest@14555e0a]" started-at="2023-02-17T12:42:35 IST" name="tearDown" finished-at="2023-02-17T12:42:35 IST" duration-ms="199" status="PASS">
          <reporter-output>
          </reporter-output>
        </test-method> <!-- tearDown -->
      </class> <!-- in.co.automationtesting.QA2Project.End2EndTest -->
    </test> <!-- Test -->
  </suite> <!-- Suite -->
</testng-results>
